c:\users\micha\desktop\studia\po\projekty\jumptower\jumptower\jumptower\x64\release\vc142.pdb
c:\users\micha\desktop\studia\po\projekty\jumptower\jumptower\jumptower\x64\release\woodenplatform.obj
c:\users\micha\desktop\studia\po\projekty\jumptower\jumptower\jumptower\x64\release\main.obj
c:\users\micha\desktop\studia\po\projekty\jumptower\jumptower\jumptower\x64\release\window.obj
c:\users\micha\desktop\studia\po\projekty\jumptower\jumptower\jumptower\x64\release\utility.obj
c:\users\micha\desktop\studia\po\projekty\jumptower\jumptower\jumptower\x64\release\stoneplatform.obj
c:\users\micha\desktop\studia\po\projekty\jumptower\jumptower\jumptower\x64\release\scoreboard.obj
c:\users\micha\desktop\studia\po\projekty\jumptower\jumptower\jumptower\x64\release\score.obj
c:\users\micha\desktop\studia\po\projekty\jumptower\jumptower\jumptower\x64\release\player.obj
c:\users\micha\desktop\studia\po\projekty\jumptower\jumptower\jumptower\x64\release\platform_common.obj
c:\users\micha\desktop\studia\po\projekty\jumptower\jumptower\jumptower\x64\release\platform.obj
c:\users\micha\desktop\studia\po\projekty\jumptower\jumptower\jumptower\x64\release\ironplatform.obj
c:\users\micha\desktop\studia\po\projekty\jumptower\jumptower\jumptower\x64\release\appwindow.obj
c:\users\micha\desktop\studia\po\projekty\jumptower\jumptower\jumptower\x64\release\jumptower.ipdb
c:\users\micha\desktop\studia\po\projekty\jumptower\jumptower\jumptower\x64\release\jumptower.iobj
c:\users\micha\desktop\studia\po\projekty\jumptower\jumptower\jumptower\x64\release\jumptower.exe
c:\users\micha\desktop\studia\po\projekty\jumptower\jumptower\jumptower\x64\release\jumptower.pdb
c:\users\micha\desktop\studia\po\projekty\jumptower\jumptower\jumptower\x64\release\jumptower.tlog\cl.command.1.tlog
c:\users\micha\desktop\studia\po\projekty\jumptower\jumptower\jumptower\x64\release\jumptower.tlog\cl.read.1.tlog
c:\users\micha\desktop\studia\po\projekty\jumptower\jumptower\jumptower\x64\release\jumptower.tlog\cl.write.1.tlog
c:\users\micha\desktop\studia\po\projekty\jumptower\jumptower\jumptower\x64\release\jumptower.tlog\jumptower.write.1u.tlog
c:\users\micha\desktop\studia\po\projekty\jumptower\jumptower\jumptower\x64\release\jumptower.tlog\link.command.1.tlog
c:\users\micha\desktop\studia\po\projekty\jumptower\jumptower\jumptower\x64\release\jumptower.tlog\link.read.1.tlog
c:\users\micha\desktop\studia\po\projekty\jumptower\jumptower\jumptower\x64\release\jumptower.tlog\link.write.1.tlog
